<?xml version="1.0" encoding="UTF-8"?>
<!-- Generated by org.testng.reporters.JUnitReportReporter -->
<testsuite hostname="Acerswift3" failures="0" tests="2" name="TestPackage.Subscribe_functionality" time="52.157" errors="0" timestamp="2024-04-08T21:55:05 IST" skipped="0">
  <testcase classname="TestPackage.Subscribe_functionality" name="unSubscribe" time="27.389"/>
  <testcase classname="TestPackage.Subscribe_functionality" name="Subscribe" time="24.768"/>
</testsuite> <!-- TestPackage.Subscribe_functionality -->
