<?xml version="1.0" encoding="UTF-8"?>
<!-- Generated by org.testng.reporters.JUnitReportReporter -->
<testsuite hostname="Acerswift3" failures="0" tests="1" name="TestPackage.UnSubscribe_portfolio" time="24.312" errors="0" timestamp="2024-04-07T17:01:42 IST" skipped="0">
  <testcase classname="TestPackage.UnSubscribe_portfolio" name="unSubscribe" time="24.312"/>
</testsuite> <!-- TestPackage.UnSubscribe_portfolio -->
