<?xml version="1.0" encoding="UTF-8"?>
<!-- Generated by org.testng.reporters.JUnitReportReporter -->
<testsuite hostname="Acerswift3" failures="0" tests="1" name="TestPackage.Create_portfolio_functionality" time="49.889" errors="0" timestamp="2024-02-21T08:06:27 IST" skipped="0">
  <testcase classname="TestPackage.Create_portfolio_functionality" name="CreatePortfolioTest" time="49.889"/>
</testsuite> <!-- TestPackage.Create_portfolio_functionality -->
