<?xml version="1.0" encoding="UTF-8"?>
<!-- Generated by org.testng.reporters.JUnitReportReporter -->
<testsuite hostname="Acerswift3" failures="0" tests="1" name="TestPackage.Create_portfolio_functionality" time="45.677" errors="0" timestamp="2024-02-10T23:18:37 IST" skipped="0">
  <testcase classname="TestPackage.Create_portfolio_functionality" name="CreatePortfolioTest" time="45.677"/>
</testsuite> <!-- TestPackage.Create_portfolio_functionality -->
