<?xml version="1.0" encoding="UTF-8"?>
<!-- Generated by org.testng.reporters.JUnitReportReporter -->
<testsuite hostname="Acerswift3" failures="0" tests="1" name="TestPackage.Create_portfolio_functionality" time="56.649" errors="0" timestamp="2024-02-18T19:27:03 IST" skipped="0">
  <testcase classname="TestPackage.Create_portfolio_functionality" name="CreatePortfolioTest" time="56.649"/>
</testsuite> <!-- TestPackage.Create_portfolio_functionality -->
