<?xml version="1.0" encoding="UTF-8"?>
<!-- Generated by org.testng.reporters.JUnitReportReporter -->
<testsuite hostname="Acerswift3" failures="0" tests="2" name="TestPackage.Create_portfolio_functionality" time="78.545" errors="0" timestamp="2024-02-16T19:31:53 IST" skipped="1">
  <testcase classname="TestPackage.Create_portfolio_functionality" name="CreatePortfolioTest" time="31.618">
    <skipped/>
  </testcase> <!-- CreatePortfolioTest -->
  <testcase classname="TestPackage.Create_portfolio_functionality" name="CreatePortfolioTest" time="46.927"/>
</testsuite> <!-- TestPackage.Create_portfolio_functionality -->
