<?xml version="1.0" encoding="UTF-8"?>
<!-- Generated by org.testng.reporters.JUnitReportReporter -->
<testsuite hostname="Acerswift3" failures="0" tests="1" name="TestPackage.BookMark_Functionality" time="110.044" errors="0" timestamp="2024-03-03T18:53:13 IST" skipped="0">
  <testcase classname="TestPackage.BookMark_Functionality" name="BookMark_testing" time="110.044"/>
</testsuite> <!-- TestPackage.BookMark_Functionality -->
