<?xml version="1.0" encoding="UTF-8"?>
<!-- Generated by org.testng.reporters.JUnitReportReporter -->
<testsuite hostname="Acerswift3" failures="0" tests="2" name="TestPackage.Subscribe_functionality" time="50.745" errors="0" timestamp="2024-04-08T22:03:15 IST" skipped="0">
  <testcase classname="TestPackage.Subscribe_functionality" name="Subscribe" time="25.277"/>
  <testcase classname="TestPackage.Subscribe_functionality" name="unSubscribe" time="25.468"/>
</testsuite> <!-- TestPackage.Subscribe_functionality -->
