<?xml version="1.0" encoding="UTF-8"?>
<!-- Generated by org.testng.reporters.JUnitReportReporter -->
<testsuite hostname="Acerswift3" failures="0" tests="1" name="TestPackage.Subscribe_functionality" time="24.126" errors="0" timestamp="2024-04-09T23:10:13 IST" skipped="0">
  <testcase classname="TestPackage.Subscribe_functionality" name="SubscribePortfolioFormFavourite" time="24.126"/>
</testsuite> <!-- TestPackage.Subscribe_functionality -->
