<?xml version="1.0" encoding="UTF-8"?>
<!-- Generated by org.testng.reporters.JUnitReportReporter -->
<testsuite hostname="Acerswift3" failures="0" tests="2" name="TestPackage.BookMark_Functionality" time="116.940" errors="0" timestamp="2024-02-15T21:38:24 IST" skipped="0">
  <testcase classname="TestPackage.BookMark_Functionality" name="BookMark_testing" time="61.303"/>
  <testcase classname="TestPackage.BookMark_Functionality" name="BookMark_testing" time="55.637"/>
</testsuite> <!-- TestPackage.BookMark_Functionality -->
