<?xml version="1.0" encoding="UTF-8"?>
<!-- Generated by org.testng.reporters.JUnitReportReporter -->
<testsuite hostname="Acerswift3" failures="0" tests="2" name="TestPackage.BookMark_Functionality" time="138.734" errors="0" timestamp="2024-02-20T20:57:53 IST" skipped="1">
  <testcase classname="TestPackage.BookMark_Functionality" name="BookMark_testing" time="95.205">
    <skipped/>
  </testcase> <!-- BookMark_testing -->
  <testcase classname="TestPackage.BookMark_Functionality" name="BookMark_testing" time="43.529"/>
</testsuite> <!-- TestPackage.BookMark_Functionality -->
