<?xml version="1.0" encoding="UTF-8"?>
<!-- Generated by org.testng.reporters.JUnitReportReporter -->
<testsuite hostname="Acerswift3" failures="0" tests="2" name="TestPackage.BookMark_Functionality" time="92.032" errors="0" timestamp="2024-02-10T23:18:37 IST" skipped="0">
  <testcase classname="TestPackage.BookMark_Functionality" name="BookMark_testing" time="46.656"/>
  <testcase classname="TestPackage.BookMark_Functionality" name="BookMark_testing" time="45.376"/>
</testsuite> <!-- TestPackage.BookMark_Functionality -->
