<?xml version="1.0" encoding="UTF-8"?>
<!-- Generated by org.testng.reporters.JUnitReportReporter -->
<testsuite hostname="Acerswift3" failures="0" tests="1" name="TestPackage.Copy_functionality" time="102.851" errors="0" timestamp="2024-04-21T22:44:14 IST" skipped="0">
  <testcase classname="TestPackage.Copy_functionality" name="createCopyfromCreatedMyPortfolio" time="102.851"/>
</testsuite> <!-- TestPackage.Copy_functionality -->
