<?xml version="1.0" encoding="UTF-8"?>
<!-- Generated by org.testng.reporters.JUnitReportReporter -->
<testsuite hostname="Acerswift3" failures="0" tests="1" name="TestPackage.Create_portfolio_functionality" time="28.030" errors="0" timestamp="2024-04-13T17:05:49 IST" skipped="0">
  <testcase classname="TestPackage.Create_portfolio_functionality" name="CreatePortfolioWithoutTags" time="28.030"/>
</testsuite> <!-- TestPackage.Create_portfolio_functionality -->
