<?xml version="1.0" encoding="UTF-8"?>
<!-- Generated by org.testng.reporters.JUnitReportReporter -->
<testsuite hostname="Acerswift3" failures="0" tests="1" name="TestPackage.MyProfile" time="52.890" errors="0" timestamp="2024-04-20T17:53:05 IST" skipped="0">
  <testcase classname="TestPackage.MyProfile" name="ChangeProfilePicture" time="52.890"/>
</testsuite> <!-- TestPackage.MyProfile -->
