<?xml version="1.0" encoding="UTF-8"?>
<!-- Generated by org.testng.reporters.JUnitReportReporter -->
<testsuite hostname="Acerswift3" failures="0" tests="1" name="TestPackage.BookMark_Functionality" time="25.103" errors="0" timestamp="2024-04-12T18:46:05 IST" skipped="0">
  <testcase classname="TestPackage.BookMark_Functionality" name="bookmarkFromHomePage" time="25.103"/>
</testsuite> <!-- TestPackage.BookMark_Functionality -->
