<?xml version="1.0" encoding="UTF-8"?>
<!-- Generated by org.testng.reporters.JUnitReportReporter -->
<testsuite hostname="Acerswift3" failures="0" tests="1" name="TestPackage.Copy_functionality" time="24.826" errors="0" timestamp="2024-04-10T23:58:39 IST" skipped="0">
  <testcase classname="TestPackage.Copy_functionality" name="createCopyFromHomePage" time="24.826"/>
</testsuite> <!-- TestPackage.Copy_functionality -->
