<?xml version="1.0" encoding="UTF-8"?>
<!-- Generated by org.testng.reporters.JUnitReportReporter -->
<testsuite hostname="Acerswift3" failures="0" tests="1" name="TestPackage.MyProfile" time="29.107" errors="0" timestamp="2024-04-18T20:18:41 IST" skipped="0">
  <testcase classname="TestPackage.MyProfile" name="DeleteProfile" time="29.107"/>
</testsuite> <!-- TestPackage.MyProfile -->
