<?xml version="1.0" encoding="UTF-8"?>
<!-- Generated by org.testng.reporters.JUnitReportReporter -->
<testsuite hostname="Acerswift3" failures="0" tests="1" name="TestPackage.MyProfile" time="30.039" errors="0" timestamp="2024-04-21T13:51:06 IST" skipped="0">
  <testcase classname="TestPackage.MyProfile" name="EditPAN" time="30.039"/>
</testsuite> <!-- TestPackage.MyProfile -->
