<?xml version="1.0" encoding="UTF-8"?>
<!-- Generated by org.testng.reporters.JUnitReportReporter -->
<testsuite hostname="Acerswift3" failures="0" tests="1" name="TestPackage.BookMark_Functionality" time="30.463" errors="0" timestamp="2024-04-14T22:20:21 IST" skipped="0">
  <testcase classname="TestPackage.BookMark_Functionality" name="bookmarkFromHomePage" time="30.463"/>
</testsuite> <!-- TestPackage.BookMark_Functionality -->
