<?xml version="1.0" encoding="UTF-8"?>
<!-- Generated by org.testng.reporters.JUnitReportReporter -->
<testsuite hostname="Acerswift3" failures="0" tests="2" name="TestPackage.BookMark_Functionality" time="73.544" errors="0" timestamp="2024-04-15T22:19:27 IST" skipped="0">
  <testcase classname="TestPackage.BookMark_Functionality" name="bookmarkFromHomePageSubscribed" time="37.569"/>
  <testcase classname="TestPackage.BookMark_Functionality" name="bookmarkFromHomePageOriginals" time="35.975"/>
</testsuite> <!-- TestPackage.BookMark_Functionality -->
