<?xml version="1.0" encoding="UTF-8"?>
<!-- Generated by org.testng.reporters.JUnitReportReporter -->
<testsuite hostname="Acerswift3" failures="0" tests="1" name="TestPackage.Create_portfolio_functionality" time="23.673" errors="0" timestamp="2024-04-14T19:48:08 IST" skipped="0">
  <testcase classname="TestPackage.Create_portfolio_functionality" name="CreatePortfolioWithoutTags" time="23.673"/>
</testsuite> <!-- TestPackage.Create_portfolio_functionality -->
