<?xml version="1.0" encoding="UTF-8"?>
<!-- Generated by org.testng.reporters.JUnitReportReporter -->
<testsuite hostname="Acerswift3" failures="0" tests="1" name="TestPackage.Subscribe_functionality" time="25.937" errors="0" timestamp="2024-04-10T22:03:16 IST" skipped="0">
  <testcase classname="TestPackage.Subscribe_functionality" name="SubscribePortfolioFormFavourite" time="25.937"/>
</testsuite> <!-- TestPackage.Subscribe_functionality -->
